<?xml version="1.0" encoding="UTF-8"?>
<testsuite xmlns:xsi="http://www.w3.org/2001/XMLSchema-instance" xsi:noNamespaceSchemaLocation="https://maven.apache.org/surefire/maven-surefire-plugin/xsd/surefire-test-report.xsd" name="examples.resource.RemoveGreetingResourceST" time="0.067" tests="1" errors="1" skipped="0" failures="0">
  <properties>
[...]
</properties>
  <testcase name="examples.resource.RemoveGreetingResourceST" classname="examples.resource.RemoveGreetingResourceST" time="0.067">
    <error type="java.lang.NullPointerException">java.lang.NullPointerException
</error>
    <system-out><![CDATA[[2021-02-08T12:38:23.91 ][&amp#27;[1;31mERROR&amp#27;[m][&amp#27;[1;35mRemoveGreetingResourceST&amp#27;[m][&amp#27;[1;35mgivenGreetingIdDeleteGreetingShouldDeleteGreeting&amp#27;[m][&amp#27;[1;35mtestify&amp#27;[m]: Test method 'null' failed
java.lang.NullPointerException
	at org.testifyproject.core.util.SettingUtil.getSettings(SettingUtil.java:60)
	at org.testifyproject.junit4.core.TestifyJUnit4TestRunner.methodBlock(TestifyJUnit4TestRunner.java:199)
	at org.testifyproject.junit4.core.TestifyJUnit4TestRunner.runChild(TestifyJUnit4TestRunner.java:126)
	at org.testifyproject.junit4.core.TestifyJUnit4TestRunner.runChild(TestifyJUnit4TestRunner.java:63)
	at org.junit.runners.ParentRunner$3.run(ParentRunner.java:290)
	at org.junit.runners.ParentRunner$1.schedule(ParentRunner.java:71)
	at org.junit.runners.ParentRunner.runChildren(ParentRunner.java:288)
	at org.junit.runners.ParentRunner.access$000(ParentRunner.java:58)
	at org.junit.runners.ParentRunner$2.evaluate(ParentRunner.java:268)
	at org.testifyproject.junit4.core.TestifyJUnit4TestRunner.run(TestifyJUnit4TestRunner.java:101)
	at org.apache.maven.surefire.junit4.JUnit4Provider.execute(JUnit4Provider.java:365)
	at org.apache.maven.surefire.junit4.JUnit4Provider.executeWithRerun(JUnit4Provider.java:272)
	at org.apache.maven.surefire.junit4.JUnit4Provider.executeTestSet(JUnit4Provider.java:236)
	at org.apache.maven.surefire.junit4.JUnit4Provider.invoke(JUnit4Provider.java:159)
	at org.apache.maven.surefire.booter.ForkedBooter.invokeProviderInSameClassLoader(ForkedBooter.java:386)
	at org.apache.maven.surefire.booter.ForkedBooter.runSuitesInProcess(ForkedBooter.java:323)
	at org.apache.maven.surefire.booter.ForkedBooter.main(ForkedBooter.java:143)

]]></system-out>
  </testcase>
</testsuite>